/home/abhishek/Brain-Computer-Interface/bci_py_ws/install/bci_package/lib/python3.10/site-packages/bci_package/model_decision.py
/home/abhishek/Brain-Computer-Interface/bci_py_ws/install/bci_package/lib/python3.10/site-packages/bci_package/robot_cont_node.py
/home/abhishek/Brain-Computer-Interface/bci_py_ws/install/bci_package/lib/python3.10/site-packages/bci_package/models.py
/home/abhishek/Brain-Computer-Interface/bci_py_ws/install/bci_package/lib/python3.10/site-packages/bci_package/detection.py
/home/abhishek/Brain-Computer-Interface/bci_py_ws/install/bci_package/lib/python3.10/site-packages/bci_package/model_inference.py
/home/abhishek/Brain-Computer-Interface/bci_py_ws/install/bci_package/lib/python3.10/site-packages/bci_package/test_predictions.py
/home/abhishek/Brain-Computer-Interface/bci_py_ws/install/bci_package/lib/python3.10/site-packages/bci_package/bci_pub_node.py
/home/abhishek/Brain-Computer-Interface/bci_py_ws/install/bci_package/lib/python3.10/site-packages/bci_package/__init__.py
/home/abhishek/Brain-Computer-Interface/bci_py_ws/install/bci_package/lib/python3.10/site-packages/bci_package/bci_publisher.py
/home/abhishek/Brain-Computer-Interface/bci_py_ws/install/bci_package/lib/python3.10/site-packages/bci_package/__pycache__/model_decision.cpython-310.pyc
/home/abhishek/Brain-Computer-Interface/bci_py_ws/install/bci_package/lib/python3.10/site-packages/bci_package/__pycache__/robot_cont_node.cpython-310.pyc
/home/abhishek/Brain-Computer-Interface/bci_py_ws/install/bci_package/lib/python3.10/site-packages/bci_package/__pycache__/models.cpython-310.pyc
/home/abhishek/Brain-Computer-Interface/bci_py_ws/install/bci_package/lib/python3.10/site-packages/bci_package/__pycache__/detection.cpython-310.pyc
/home/abhishek/Brain-Computer-Interface/bci_py_ws/install/bci_package/lib/python3.10/site-packages/bci_package/__pycache__/model_inference.cpython-310.pyc
/home/abhishek/Brain-Computer-Interface/bci_py_ws/install/bci_package/lib/python3.10/site-packages/bci_package/__pycache__/test_predictions.cpython-310.pyc
/home/abhishek/Brain-Computer-Interface/bci_py_ws/install/bci_package/lib/python3.10/site-packages/bci_package/__pycache__/bci_pub_node.cpython-310.pyc
/home/abhishek/Brain-Computer-Interface/bci_py_ws/install/bci_package/lib/python3.10/site-packages/bci_package/__pycache__/__init__.cpython-310.pyc
/home/abhishek/Brain-Computer-Interface/bci_py_ws/install/bci_package/lib/python3.10/site-packages/bci_package/__pycache__/bci_publisher.cpython-310.pyc
/home/abhishek/Brain-Computer-Interface/bci_py_ws/install/bci_package/share/ament_index/resource_index/packages/bci_package
/home/abhishek/Brain-Computer-Interface/bci_py_ws/install/bci_package/share/bci_package/package.xml
/home/abhishek/Brain-Computer-Interface/bci_py_ws/install/bci_package/share/bci_package/weights/ensemble_model.pkl
/home/abhishek/Brain-Computer-Interface/bci_py_ws/install/bci_package/share/bci_package/weights/scaler.pkl
/home/abhishek/Brain-Computer-Interface/bci_py_ws/install/bci_package/lib/python3.10/site-packages/bci_package-0.0.0-py3.10.egg-info/dependency_links.txt
/home/abhishek/Brain-Computer-Interface/bci_py_ws/install/bci_package/lib/python3.10/site-packages/bci_package-0.0.0-py3.10.egg-info/not-zip-safe
/home/abhishek/Brain-Computer-Interface/bci_py_ws/install/bci_package/lib/python3.10/site-packages/bci_package-0.0.0-py3.10.egg-info/SOURCES.txt
/home/abhishek/Brain-Computer-Interface/bci_py_ws/install/bci_package/lib/python3.10/site-packages/bci_package-0.0.0-py3.10.egg-info/PKG-INFO
/home/abhishek/Brain-Computer-Interface/bci_py_ws/install/bci_package/lib/python3.10/site-packages/bci_package-0.0.0-py3.10.egg-info/requires.txt
/home/abhishek/Brain-Computer-Interface/bci_py_ws/install/bci_package/lib/python3.10/site-packages/bci_package-0.0.0-py3.10.egg-info/top_level.txt
/home/abhishek/Brain-Computer-Interface/bci_py_ws/install/bci_package/lib/python3.10/site-packages/bci_package-0.0.0-py3.10.egg-info/entry_points.txt
/home/abhishek/Brain-Computer-Interface/bci_py_ws/install/bci_package/lib/bci_package/bci_predictor
/home/abhishek/Brain-Computer-Interface/bci_py_ws/install/bci_package/lib/bci_package/bci_pub_node
/home/abhishek/Brain-Computer-Interface/bci_py_ws/install/bci_package/lib/bci_package/bci_publisher
/home/abhishek/Brain-Computer-Interface/bci_py_ws/install/bci_package/lib/bci_package/model_decision
/home/abhishek/Brain-Computer-Interface/bci_py_ws/install/bci_package/lib/bci_package/robot_cont_node
