running egg_info
creating ../../build/bci_package/bci_package.egg-info
writing ../../build/bci_package/bci_package.egg-info/PKG-INFO
writing dependency_links to ../../build/bci_package/bci_package.egg-info/dependency_links.txt
writing entry points to ../../build/bci_package/bci_package.egg-info/entry_points.txt
writing requirements to ../../build/bci_package/bci_package.egg-info/requires.txt
writing top-level names to ../../build/bci_package/bci_package.egg-info/top_level.txt
writing manifest file '../../build/bci_package/bci_package.egg-info/SOURCES.txt'
reading manifest file '../../build/bci_package/bci_package.egg-info/SOURCES.txt'
writing manifest file '../../build/bci_package/bci_package.egg-info/SOURCES.txt'
running build
running build_py
creating /home/kashif/HRI/bci_py_ws/build/bci_package/build
creating /home/kashif/HRI/bci_py_ws/build/bci_package/build/lib
creating /home/kashif/HRI/bci_py_ws/build/bci_package/build/lib/bci_package
copying bci_package/__init__.py -> /home/kashif/HRI/bci_py_ws/build/bci_package/build/lib/bci_package
copying bci_package/bci_node.py -> /home/kashif/HRI/bci_py_ws/build/bci_package/build/lib/bci_package
running install
running install_lib
creating /home/kashif/HRI/bci_py_ws/install/bci_package/lib/python3.10/site-packages/bci_package
copying /home/kashif/HRI/bci_py_ws/build/bci_package/build/lib/bci_package/__init__.py -> /home/kashif/HRI/bci_py_ws/install/bci_package/lib/python3.10/site-packages/bci_package
copying /home/kashif/HRI/bci_py_ws/build/bci_package/build/lib/bci_package/bci_node.py -> /home/kashif/HRI/bci_py_ws/install/bci_package/lib/python3.10/site-packages/bci_package
byte-compiling /home/kashif/HRI/bci_py_ws/install/bci_package/lib/python3.10/site-packages/bci_package/__init__.py to __init__.cpython-310.pyc
byte-compiling /home/kashif/HRI/bci_py_ws/install/bci_package/lib/python3.10/site-packages/bci_package/bci_node.py to bci_node.cpython-310.pyc
running install_data
creating /home/kashif/HRI/bci_py_ws/install/bci_package/share/ament_index
creating /home/kashif/HRI/bci_py_ws/install/bci_package/share/ament_index/resource_index
creating /home/kashif/HRI/bci_py_ws/install/bci_package/share/ament_index/resource_index/packages
copying resource/bci_package -> /home/kashif/HRI/bci_py_ws/install/bci_package/share/ament_index/resource_index/packages
copying package.xml -> /home/kashif/HRI/bci_py_ws/install/bci_package/share/bci_package
running install_egg_info
Copying ../../build/bci_package/bci_package.egg-info to /home/kashif/HRI/bci_py_ws/install/bci_package/lib/python3.10/site-packages/bci_package-0.0.0-py3.10.egg-info
running install_scripts
Installing bci_node script to /home/kashif/HRI/bci_py_ws/install/bci_package/lib/bci_package
writing list of installed files to '/home/kashif/HRI/bci_py_ws/build/bci_package/install.log'
