[0.451s] Invoking command in '/home/kashif/HRI/bci_py_ws/src/bci_package': PYTHONPATH=/home/kashif/HRI/bci_py_ws/build/bci_package/prefix_override:/usr/lib/python3/dist-packages/colcon_core/task/python/colcon_distutils_commands:/home/kashif/HRI/bci_py_ws/install/bci_package/lib/python3.10/site-packages:${PYTHONPATH} /usr/bin/python3 -W ignore:setup.py install is deprecated setup.py egg_info --egg-base ../../build/bci_package build --build-base /home/kashif/HRI/bci_py_ws/build/bci_package/build install --record /home/kashif/HRI/bci_py_ws/build/bci_package/install.log --single-version-externally-managed install_data
[0.617s] running egg_info
[0.618s] creating ../../build/bci_package/bci_package.egg-info
[0.618s] writing ../../build/bci_package/bci_package.egg-info/PKG-INFO
[0.618s] writing dependency_links to ../../build/bci_package/bci_package.egg-info/dependency_links.txt
[0.618s] writing entry points to ../../build/bci_package/bci_package.egg-info/entry_points.txt
[0.618s] writing requirements to ../../build/bci_package/bci_package.egg-info/requires.txt
[0.618s] writing top-level names to ../../build/bci_package/bci_package.egg-info/top_level.txt
[0.618s] writing manifest file '../../build/bci_package/bci_package.egg-info/SOURCES.txt'
[0.619s] reading manifest file '../../build/bci_package/bci_package.egg-info/SOURCES.txt'
[0.619s] writing manifest file '../../build/bci_package/bci_package.egg-info/SOURCES.txt'
[0.619s] running build
[0.619s] running build_py
[0.619s] creating /home/kashif/HRI/bci_py_ws/build/bci_package/build
[0.619s] creating /home/kashif/HRI/bci_py_ws/build/bci_package/build/lib
[0.620s] creating /home/kashif/HRI/bci_py_ws/build/bci_package/build/lib/bci_package
[0.620s] copying bci_package/__init__.py -> /home/kashif/HRI/bci_py_ws/build/bci_package/build/lib/bci_package
[0.620s] copying bci_package/bci_node.py -> /home/kashif/HRI/bci_py_ws/build/bci_package/build/lib/bci_package
[0.620s] running install
[0.620s] running install_lib
[0.620s] creating /home/kashif/HRI/bci_py_ws/install/bci_package/lib/python3.10/site-packages/bci_package
[0.620s] copying /home/kashif/HRI/bci_py_ws/build/bci_package/build/lib/bci_package/__init__.py -> /home/kashif/HRI/bci_py_ws/install/bci_package/lib/python3.10/site-packages/bci_package
[0.620s] copying /home/kashif/HRI/bci_py_ws/build/bci_package/build/lib/bci_package/bci_node.py -> /home/kashif/HRI/bci_py_ws/install/bci_package/lib/python3.10/site-packages/bci_package
[0.621s] byte-compiling /home/kashif/HRI/bci_py_ws/install/bci_package/lib/python3.10/site-packages/bci_package/__init__.py to __init__.cpython-310.pyc
[0.621s] byte-compiling /home/kashif/HRI/bci_py_ws/install/bci_package/lib/python3.10/site-packages/bci_package/bci_node.py to bci_node.cpython-310.pyc
[0.621s] running install_data
[0.621s] creating /home/kashif/HRI/bci_py_ws/install/bci_package/share/ament_index
[0.621s] creating /home/kashif/HRI/bci_py_ws/install/bci_package/share/ament_index/resource_index
[0.621s] creating /home/kashif/HRI/bci_py_ws/install/bci_package/share/ament_index/resource_index/packages
[0.621s] copying resource/bci_package -> /home/kashif/HRI/bci_py_ws/install/bci_package/share/ament_index/resource_index/packages
[0.621s] copying package.xml -> /home/kashif/HRI/bci_py_ws/install/bci_package/share/bci_package
[0.621s] running install_egg_info
[0.622s] Copying ../../build/bci_package/bci_package.egg-info to /home/kashif/HRI/bci_py_ws/install/bci_package/lib/python3.10/site-packages/bci_package-0.0.0-py3.10.egg-info
[0.623s] running install_scripts
[0.636s] Installing bci_node script to /home/kashif/HRI/bci_py_ws/install/bci_package/lib/bci_package
[0.636s] writing list of installed files to '/home/kashif/HRI/bci_py_ws/build/bci_package/install.log'
[0.650s] Invoked command in '/home/kashif/HRI/bci_py_ws/src/bci_package' returned '0': PYTHONPATH=/home/kashif/HRI/bci_py_ws/build/bci_package/prefix_override:/usr/lib/python3/dist-packages/colcon_core/task/python/colcon_distutils_commands:/home/kashif/HRI/bci_py_ws/install/bci_package/lib/python3.10/site-packages:${PYTHONPATH} /usr/bin/python3 -W ignore:setup.py install is deprecated setup.py egg_info --egg-base ../../build/bci_package build --build-base /home/kashif/HRI/bci_py_ws/build/bci_package/build install --record /home/kashif/HRI/bci_py_ws/build/bci_package/install.log --single-version-externally-managed install_data
