running egg_info
creating ../../build/bci_package/bci_package.egg-info
writing ../../build/bci_package/bci_package.egg-info/PKG-INFO
writing dependency_links to ../../build/bci_package/bci_package.egg-info/dependency_links.txt
writing entry points to ../../build/bci_package/bci_package.egg-info/entry_points.txt
writing requirements to ../../build/bci_package/bci_package.egg-info/requires.txt
writing top-level names to ../../build/bci_package/bci_package.egg-info/top_level.txt
writing manifest file '../../build/bci_package/bci_package.egg-info/SOURCES.txt'
reading manifest file '../../build/bci_package/bci_package.egg-info/SOURCES.txt'
writing manifest file '../../build/bci_package/bci_package.egg-info/SOURCES.txt'
running build
running build_py
creating /home/abhishek/Brain-Computer-Interface/bci_py_ws/build/bci_package/build/lib/bci_package
copying bci_package/model_decision.py -> /home/abhishek/Brain-Computer-Interface/bci_py_ws/build/bci_package/build/lib/bci_package
copying bci_package/robot_cont_node.py -> /home/abhishek/Brain-Computer-Interface/bci_py_ws/build/bci_package/build/lib/bci_package
copying bci_package/models.py -> /home/abhishek/Brain-Computer-Interface/bci_py_ws/build/bci_package/build/lib/bci_package
copying bci_package/detection.py -> /home/abhishek/Brain-Computer-Interface/bci_py_ws/build/bci_package/build/lib/bci_package
copying bci_package/model_inference.py -> /home/abhishek/Brain-Computer-Interface/bci_py_ws/build/bci_package/build/lib/bci_package
copying bci_package/test_predictions.py -> /home/abhishek/Brain-Computer-Interface/bci_py_ws/build/bci_package/build/lib/bci_package
copying bci_package/bci_pub_node.py -> /home/abhishek/Brain-Computer-Interface/bci_py_ws/build/bci_package/build/lib/bci_package
copying bci_package/__init__.py -> /home/abhishek/Brain-Computer-Interface/bci_py_ws/build/bci_package/build/lib/bci_package
copying bci_package/bci_publisher.py -> /home/abhishek/Brain-Computer-Interface/bci_py_ws/build/bci_package/build/lib/bci_package
running install
running install_lib
creating /home/abhishek/Brain-Computer-Interface/bci_py_ws/install/bci_package/lib/python3.10/site-packages/bci_package
copying /home/abhishek/Brain-Computer-Interface/bci_py_ws/build/bci_package/build/lib/bci_package/model_decision.py -> /home/abhishek/Brain-Computer-Interface/bci_py_ws/install/bci_package/lib/python3.10/site-packages/bci_package
copying /home/abhishek/Brain-Computer-Interface/bci_py_ws/build/bci_package/build/lib/bci_package/robot_cont_node.py -> /home/abhishek/Brain-Computer-Interface/bci_py_ws/install/bci_package/lib/python3.10/site-packages/bci_package
copying /home/abhishek/Brain-Computer-Interface/bci_py_ws/build/bci_package/build/lib/bci_package/models.py -> /home/abhishek/Brain-Computer-Interface/bci_py_ws/install/bci_package/lib/python3.10/site-packages/bci_package
copying /home/abhishek/Brain-Computer-Interface/bci_py_ws/build/bci_package/build/lib/bci_package/detection.py -> /home/abhishek/Brain-Computer-Interface/bci_py_ws/install/bci_package/lib/python3.10/site-packages/bci_package
copying /home/abhishek/Brain-Computer-Interface/bci_py_ws/build/bci_package/build/lib/bci_package/model_inference.py -> /home/abhishek/Brain-Computer-Interface/bci_py_ws/install/bci_package/lib/python3.10/site-packages/bci_package
copying /home/abhishek/Brain-Computer-Interface/bci_py_ws/build/bci_package/build/lib/bci_package/test_predictions.py -> /home/abhishek/Brain-Computer-Interface/bci_py_ws/install/bci_package/lib/python3.10/site-packages/bci_package
copying /home/abhishek/Brain-Computer-Interface/bci_py_ws/build/bci_package/build/lib/bci_package/bci_pub_node.py -> /home/abhishek/Brain-Computer-Interface/bci_py_ws/install/bci_package/lib/python3.10/site-packages/bci_package
copying /home/abhishek/Brain-Computer-Interface/bci_py_ws/build/bci_package/build/lib/bci_package/__init__.py -> /home/abhishek/Brain-Computer-Interface/bci_py_ws/install/bci_package/lib/python3.10/site-packages/bci_package
copying /home/abhishek/Brain-Computer-Interface/bci_py_ws/build/bci_package/build/lib/bci_package/bci_publisher.py -> /home/abhishek/Brain-Computer-Interface/bci_py_ws/install/bci_package/lib/python3.10/site-packages/bci_package
byte-compiling /home/abhishek/Brain-Computer-Interface/bci_py_ws/install/bci_package/lib/python3.10/site-packages/bci_package/model_decision.py to model_decision.cpython-310.pyc
byte-compiling /home/abhishek/Brain-Computer-Interface/bci_py_ws/install/bci_package/lib/python3.10/site-packages/bci_package/robot_cont_node.py to robot_cont_node.cpython-310.pyc
byte-compiling /home/abhishek/Brain-Computer-Interface/bci_py_ws/install/bci_package/lib/python3.10/site-packages/bci_package/models.py to models.cpython-310.pyc
byte-compiling /home/abhishek/Brain-Computer-Interface/bci_py_ws/install/bci_package/lib/python3.10/site-packages/bci_package/detection.py to detection.cpython-310.pyc
byte-compiling /home/abhishek/Brain-Computer-Interface/bci_py_ws/install/bci_package/lib/python3.10/site-packages/bci_package/model_inference.py to model_inference.cpython-310.pyc
byte-compiling /home/abhishek/Brain-Computer-Interface/bci_py_ws/install/bci_package/lib/python3.10/site-packages/bci_package/test_predictions.py to test_predictions.cpython-310.pyc
byte-compiling /home/abhishek/Brain-Computer-Interface/bci_py_ws/install/bci_package/lib/python3.10/site-packages/bci_package/bci_pub_node.py to bci_pub_node.cpython-310.pyc
byte-compiling /home/abhishek/Brain-Computer-Interface/bci_py_ws/install/bci_package/lib/python3.10/site-packages/bci_package/__init__.py to __init__.cpython-310.pyc
byte-compiling /home/abhishek/Brain-Computer-Interface/bci_py_ws/install/bci_package/lib/python3.10/site-packages/bci_package/bci_publisher.py to bci_publisher.cpython-310.pyc
running install_data
creating /home/abhishek/Brain-Computer-Interface/bci_py_ws/install/bci_package/share/ament_index/resource_index/packages
copying resource/bci_package -> /home/abhishek/Brain-Computer-Interface/bci_py_ws/install/bci_package/share/ament_index/resource_index/packages
copying package.xml -> /home/abhishek/Brain-Computer-Interface/bci_py_ws/install/bci_package/share/bci_package
creating /home/abhishek/Brain-Computer-Interface/bci_py_ws/install/bci_package/share/bci_package/weights
copying weights/ensemble_model.pkl -> /home/abhishek/Brain-Computer-Interface/bci_py_ws/install/bci_package/share/bci_package/weights
copying weights/scaler.pkl -> /home/abhishek/Brain-Computer-Interface/bci_py_ws/install/bci_package/share/bci_package/weights
running install_egg_info
Copying ../../build/bci_package/bci_package.egg-info to /home/abhishek/Brain-Computer-Interface/bci_py_ws/install/bci_package/lib/python3.10/site-packages/bci_package-0.0.0-py3.10.egg-info
running install_scripts
Installing bci_predictor script to /home/abhishek/Brain-Computer-Interface/bci_py_ws/install/bci_package/lib/bci_package
Installing bci_pub_node script to /home/abhishek/Brain-Computer-Interface/bci_py_ws/install/bci_package/lib/bci_package
Installing bci_publisher script to /home/abhishek/Brain-Computer-Interface/bci_py_ws/install/bci_package/lib/bci_package
Installing model_decision script to /home/abhishek/Brain-Computer-Interface/bci_py_ws/install/bci_package/lib/bci_package
Installing robot_cont_node script to /home/abhishek/Brain-Computer-Interface/bci_py_ws/install/bci_package/lib/bci_package
writing list of installed files to '/home/abhishek/Brain-Computer-Interface/bci_py_ws/build/bci_package/install.log'
