[0.432s] Invoking command in '/home/kashif/HRI/bci_py_ws/src/bci_package': PYTHONPATH=/home/kashif/HRI/bci_py_ws/build/bci_package/prefix_override:/usr/lib/python3/dist-packages/colcon_core/task/python/colcon_distutils_commands:/home/kashif/HRI/bci_py_ws/install/bci_package/lib/python3.10/site-packages:${PYTHONPATH} /usr/bin/python3 -W ignore:setup.py install is deprecated setup.py egg_info --egg-base ../../build/bci_package build --build-base /home/kashif/HRI/bci_py_ws/build/bci_package/build install --record /home/kashif/HRI/bci_py_ws/build/bci_package/install.log --single-version-externally-managed install_data
[0.595s] running egg_info
[0.596s] writing ../../build/bci_package/bci_package.egg-info/PKG-INFO
[0.596s] writing dependency_links to ../../build/bci_package/bci_package.egg-info/dependency_links.txt
[0.596s] writing entry points to ../../build/bci_package/bci_package.egg-info/entry_points.txt
[0.596s] writing requirements to ../../build/bci_package/bci_package.egg-info/requires.txt
[0.596s] writing top-level names to ../../build/bci_package/bci_package.egg-info/top_level.txt
[0.597s] reading manifest file '../../build/bci_package/bci_package.egg-info/SOURCES.txt'
[0.597s] writing manifest file '../../build/bci_package/bci_package.egg-info/SOURCES.txt'
[0.597s] running build
[0.598s] running build_py
[0.598s] copying bci_package/robot_cont_node.py -> /home/kashif/HRI/bci_py_ws/build/bci_package/build/lib/bci_package
[0.598s] copying bci_package/bci_pub_node.py -> /home/kashif/HRI/bci_py_ws/build/bci_package/build/lib/bci_package
[0.598s] running install
[0.598s] running install_lib
[0.599s] copying /home/kashif/HRI/bci_py_ws/build/bci_package/build/lib/bci_package/robot_cont_node.py -> /home/kashif/HRI/bci_py_ws/install/bci_package/lib/python3.10/site-packages/bci_package
[0.599s] copying /home/kashif/HRI/bci_py_ws/build/bci_package/build/lib/bci_package/bci_pub_node.py -> /home/kashif/HRI/bci_py_ws/install/bci_package/lib/python3.10/site-packages/bci_package
[0.599s] byte-compiling /home/kashif/HRI/bci_py_ws/install/bci_package/lib/python3.10/site-packages/bci_package/robot_cont_node.py to robot_cont_node.cpython-310.pyc
[0.600s] byte-compiling /home/kashif/HRI/bci_py_ws/install/bci_package/lib/python3.10/site-packages/bci_package/bci_pub_node.py to bci_pub_node.cpython-310.pyc
[0.600s] running install_data
[0.600s] running install_egg_info
[0.602s] removing '/home/kashif/HRI/bci_py_ws/install/bci_package/lib/python3.10/site-packages/bci_package-0.0.0-py3.10.egg-info' (and everything under it)
[0.602s] Copying ../../build/bci_package/bci_package.egg-info to /home/kashif/HRI/bci_py_ws/install/bci_package/lib/python3.10/site-packages/bci_package-0.0.0-py3.10.egg-info
[0.603s] running install_scripts
[0.621s] Installing bci_pub_node script to /home/kashif/HRI/bci_py_ws/install/bci_package/lib/bci_package
[0.621s] Installing robot_cont_node script to /home/kashif/HRI/bci_py_ws/install/bci_package/lib/bci_package
[0.622s] writing list of installed files to '/home/kashif/HRI/bci_py_ws/build/bci_package/install.log'
[0.639s] Invoked command in '/home/kashif/HRI/bci_py_ws/src/bci_package' returned '0': PYTHONPATH=/home/kashif/HRI/bci_py_ws/build/bci_package/prefix_override:/usr/lib/python3/dist-packages/colcon_core/task/python/colcon_distutils_commands:/home/kashif/HRI/bci_py_ws/install/bci_package/lib/python3.10/site-packages:${PYTHONPATH} /usr/bin/python3 -W ignore:setup.py install is deprecated setup.py egg_info --egg-base ../../build/bci_package build --build-base /home/kashif/HRI/bci_py_ws/build/bci_package/build install --record /home/kashif/HRI/bci_py_ws/build/bci_package/install.log --single-version-externally-managed install_data
